<?xml version="1.0" encoding="UTF-8"?>
<coverage generated="1529889150476" clover="3.2.0">
  <project timestamp="1529889150476" name="All files">
    <metrics statements="49" coveredstatements="43" conditionals="19" coveredconditionals="16" methods="20" coveredmethods="17" elements="88" coveredelements="76" complexity="0" loc="49" ncloc="49" packages="1" files="3" classes="3">
      <file name="App.js" path="/Users/kenfujii/Documents/github/My-Repo/image-search-react/src/App.js">
        <metrics statements="1" coveredstatements="1" conditionals="0" coveredconditionals="0" methods="1" coveredmethods="1"/>
        <line num="8" count="2" type="stmt"/>
      </file>
      <file name="ImageSearchDemo.js" path="/Users/kenfujii/Documents/github/My-Repo/image-search-react/src/ImageSearchDemo.js">
        <metrics statements="47" coveredstatements="41" conditionals="19" coveredconditionals="16" methods="19" coveredmethods="16"/>
        <line num="15" count="3" type="stmt"/>
        <line num="16" count="3" type="stmt"/>
        <line num="17" count="3" type="stmt"/>
        <line num="20" count="35" type="stmt"/>
        <line num="37" count="5" type="stmt"/>
        <line num="38" count="5" type="stmt"/>
        <line num="50" count="7" type="stmt"/>
        <line num="52" count="7" type="stmt"/>
        <line num="53" count="7" type="stmt"/>
        <line num="54" count="7" type="cond" truecount="1" falsecount="1"/>
        <line num="55" count="7" type="stmt"/>
        <line num="61" count="0" type="stmt"/>
        <line num="70" count="0" type="stmt"/>
        <line num="72" count="0" type="stmt"/>
        <line num="81" count="3" type="stmt"/>
        <line num="83" count="3" type="cond" truecount="2" falsecount="0"/>
        <line num="84" count="1" type="stmt"/>
        <line num="85" count="1" type="stmt"/>
        <line num="88" count="2" type="stmt"/>
        <line num="89" count="2" type="stmt"/>
        <line num="90" count="2" type="stmt"/>
        <line num="95" count="2" type="stmt"/>
        <line num="97" count="2" type="stmt"/>
        <line num="98" count="2" type="stmt"/>
        <line num="103" count="0" type="stmt"/>
        <line num="104" count="0" type="stmt"/>
        <line num="109" count="3" type="cond" truecount="2" falsecount="0"/>
        <line num="110" count="1" type="stmt"/>
        <line num="111" count="1" type="stmt"/>
        <line num="114" count="2" type="stmt"/>
        <line num="115" count="2" type="stmt"/>
        <line num="116" count="2" type="stmt"/>
        <line num="118" count="2" type="stmt"/>
        <line num="119" count="1" type="stmt"/>
        <line num="120" count="1" type="stmt"/>
        <line num="121" count="1" type="cond" truecount="1" falsecount="1"/>
        <line num="122" count="1" type="stmt"/>
        <line num="129" count="0" type="stmt"/>
        <line num="137" count="1" type="stmt"/>
        <line num="138" count="1" type="stmt"/>
        <line num="139" count="1" type="stmt"/>
        <line num="147" count="18" type="stmt"/>
        <line num="148" count="18" type="cond" truecount="2" falsecount="0"/>
        <line num="149" count="5" type="stmt"/>
        <line num="151" count="13" type="stmt"/>
        <line num="166" count="182" type="stmt"/>
        <line num="199" count="65" type="stmt"/>
      </file>
      <file name="setupTests.js" path="/Users/kenfujii/Documents/github/My-Repo/image-search-react/src/setupTests.js">
        <metrics statements="1" coveredstatements="1" conditionals="0" coveredconditionals="0" methods="0" coveredmethods="0"/>
        <line num="5" count="3" type="stmt"/>
      </file>
    </metrics>
  </project>
</coverage>
