<?xml version="1.0" encoding="UTF-8"?>
<coverage generated="1528640660220" clover="3.2.0">
  <project timestamp="1528640660220" name="All files">
    <metrics statements="45" coveredstatements="40" conditionals="17" coveredconditionals="15" methods="19" coveredmethods="16" elements="81" coveredelements="71" complexity="0" loc="45" ncloc="45" packages="1" files="3" classes="3">
      <file name="App.js" path="/Users/kenfujii/Documents/github/My-Repo/image-search-react/src/App.js">
        <metrics statements="1" coveredstatements="1" conditionals="0" coveredconditionals="0" methods="1" coveredmethods="1"/>
        <line num="8" count="2" type="stmt"/>
      </file>
      <file name="ImageSearchDemo.js" path="/Users/kenfujii/Documents/github/My-Repo/image-search-react/src/ImageSearchDemo.js">
        <metrics statements="43" coveredstatements="38" conditionals="17" coveredconditionals="15" methods="18" coveredmethods="15"/>
        <line num="15" count="3" type="stmt"/>
        <line num="16" count="3" type="stmt"/>
        <line num="17" count="3" type="stmt"/>
        <line num="20" count="35" type="stmt"/>
        <line num="37" count="5" type="stmt"/>
        <line num="38" count="5" type="stmt"/>
        <line num="50" count="7" type="stmt"/>
        <line num="52" count="7" type="stmt"/>
        <line num="59" count="0" type="stmt"/>
        <line num="61" count="0" type="stmt"/>
        <line num="70" count="3" type="stmt"/>
        <line num="72" count="3" type="cond" truecount="2" falsecount="0"/>
        <line num="73" count="1" type="stmt"/>
        <line num="74" count="1" type="stmt"/>
        <line num="77" count="2" type="stmt"/>
        <line num="78" count="2" type="stmt"/>
        <line num="79" count="2" type="stmt"/>
        <line num="84" count="2" type="stmt"/>
        <line num="86" count="2" type="stmt"/>
        <line num="87" count="2" type="stmt"/>
        <line num="92" count="0" type="stmt"/>
        <line num="93" count="0" type="stmt"/>
        <line num="98" count="3" type="cond" truecount="2" falsecount="0"/>
        <line num="99" count="1" type="stmt"/>
        <line num="100" count="1" type="stmt"/>
        <line num="103" count="2" type="stmt"/>
        <line num="104" count="2" type="stmt"/>
        <line num="105" count="2" type="stmt"/>
        <line num="107" count="2" type="stmt"/>
        <line num="108" count="1" type="stmt"/>
        <line num="109" count="1" type="stmt"/>
        <line num="110" count="1" type="cond" truecount="1" falsecount="1"/>
        <line num="111" count="1" type="stmt"/>
        <line num="118" count="0" type="stmt"/>
        <line num="126" count="1" type="stmt"/>
        <line num="127" count="1" type="stmt"/>
        <line num="128" count="1" type="stmt"/>
        <line num="136" count="18" type="stmt"/>
        <line num="137" count="18" type="cond" truecount="2" falsecount="0"/>
        <line num="138" count="5" type="stmt"/>
        <line num="140" count="13" type="stmt"/>
        <line num="155" count="182" type="stmt"/>
        <line num="188" count="65" type="stmt"/>
      </file>
      <file name="setupTests.js" path="/Users/kenfujii/Documents/github/My-Repo/image-search-react/src/setupTests.js">
        <metrics statements="1" coveredstatements="1" conditionals="0" coveredconditionals="0" methods="0" coveredmethods="0"/>
        <line num="5" count="3" type="stmt"/>
      </file>
    </metrics>
  </project>
</coverage>
