{"/Users/kenfujii/Documents/github/My-Repo/image-search-react/src/App.js": {"path":"/Users/kenfujii/Documents/github/My-Repo/image-search-react/src/App.js","statementMap":{"0":{"start":{"line":8,"column":4},"end":{"line":29,"column":6}}},"fnMap":{"0":{"name":"(anonymous_0)","decl":{"start":{"line":7,"column":2},"end":{"line":7,"column":3}},"loc":{"start":{"line":7,"column":11},"end":{"line":30,"column":3}},"line":7}},"branchMap":{},"s":{"0":2},"f":{"0":2},"b":{},"_coverageSchema":"332fd63041d2c1bcb487cc26dd0d5f7d97098a6c","hash":"ad8009997027724f51090d86b3253c5ba10d00bc"}
,"/Users/kenfujii/Documents/github/My-Repo/image-search-react/src/ImageSearchDemo.js": {"path":"/Users/kenfujii/Documents/github/My-Repo/image-search-react/src/ImageSearchDemo.js","statementMap":{"0":{"start":{"line":15,"column":16},"end":{"line":15,"column":45}},"1":{"start":{"line":16,"column":16},"end":{"line":16,"column":45}},"2":{"start":{"line":17,"column":20},"end":{"line":17,"column":75}},"3":{"start":{"line":20,"column":2},"end":{"line":32,"column":4}},"4":{"start":{"line":37,"column":4},"end":{"line":37,"column":17}},"5":{"start":{"line":38,"column":4},"end":{"line":46,"column":5}},"6":{"start":{"line":50,"column":4},"end":{"line":77,"column":8}},"7":{"start":{"line":52,"column":20},"end":{"line":52,"column":52}},"8":{"start":{"line":53,"column":8},"end":{"line":67,"column":11}},"9":{"start":{"line":54,"column":10},"end":{"line":66,"column":11}},"10":{"start":{"line":55,"column":12},"end":{"line":59,"column":14}},"11":{"start":{"line":61,"column":12},"end":{"line":65,"column":13}},"12":{"start":{"line":70,"column":8},"end":{"line":70,"column":61}},"13":{"start":{"line":72,"column":8},"end":{"line":76,"column":11}},"14":{"start":{"line":81,"column":17},"end":{"line":81,"column":38}},"15":{"start":{"line":83,"column":4},"end":{"line":86,"column":5}},"16":{"start":{"line":84,"column":6},"end":{"line":84,"column":37}},"17":{"start":{"line":85,"column":6},"end":{"line":85,"column":13}},"18":{"start":{"line":88,"column":20},"end":{"line":88,"column":36}},"19":{"start":{"line":89,"column":4},"end":{"line":93,"column":5}},"20":{"start":{"line":90,"column":6},"end":{"line":92,"column":8}},"21":{"start":{"line":95,"column":4},"end":{"line":95,"column":31}},"22":{"start":{"line":97,"column":4},"end":{"line":99,"column":7}},"23":{"start":{"line":98,"column":6},"end":{"line":98,"column":27}},"24":{"start":{"line":103,"column":4},"end":{"line":105,"column":7}},"25":{"start":{"line":104,"column":6},"end":{"line":104,"column":27}},"26":{"start":{"line":109,"column":4},"end":{"line":112,"column":5}},"27":{"start":{"line":110,"column":6},"end":{"line":110,"column":40}},"28":{"start":{"line":111,"column":6},"end":{"line":111,"column":13}},"29":{"start":{"line":114,"column":21},"end":{"line":114,"column":35}},"30":{"start":{"line":115,"column":4},"end":{"line":115,"column":88}},"31":{"start":{"line":116,"column":4},"end":{"line":116,"column":49}},"32":{"start":{"line":118,"column":4},"end":{"line":143,"column":7}},"33":{"start":{"line":119,"column":18},"end":{"line":119,"column":50}},"34":{"start":{"line":120,"column":6},"end":{"line":135,"column":9}},"35":{"start":{"line":121,"column":8},"end":{"line":134,"column":9}},"36":{"start":{"line":122,"column":10},"end":{"line":127,"column":12}},"37":{"start":{"line":129,"column":10},"end":{"line":133,"column":11}},"38":{"start":{"line":137,"column":6},"end":{"line":137,"column":33}},"39":{"start":{"line":138,"column":6},"end":{"line":142,"column":9}},"40":{"start":{"line":139,"column":8},"end":{"line":141,"column":9}},"41":{"start":{"line":147,"column":39},"end":{"line":147,"column":49}},"42":{"start":{"line":148,"column":4},"end":{"line":204,"column":5}},"43":{"start":{"line":149,"column":6},"end":{"line":149,"column":35}},"44":{"start":{"line":151,"column":6},"end":{"line":203,"column":8}},"45":{"start":{"line":166,"column":16},"end":{"line":166,"column":89}},"46":{"start":{"line":199,"column":14},"end":{"line":199,"column":55}}},"fnMap":{"0":{"name":"FlexBox","decl":{"start":{"line":19,"column":9},"end":{"line":19,"column":16}},"loc":{"start":{"line":19,"column":24},"end":{"line":33,"column":1}},"line":19},"1":{"name":"(anonymous_1)","decl":{"start":{"line":36,"column":2},"end":{"line":36,"column":3}},"loc":{"start":{"line":36,"column":21},"end":{"line":47,"column":3}},"line":36},"2":{"name":"(anonymous_2)","decl":{"start":{"line":49,"column":2},"end":{"line":49,"column":3}},"loc":{"start":{"line":49,"column":22},"end":{"line":78,"column":3}},"line":49},"3":{"name":"(anonymous_3)","decl":{"start":{"line":51,"column":12},"end":{"line":51,"column":13}},"loc":{"start":{"line":51,"column":26},"end":{"line":68,"column":7}},"line":51},"4":{"name":"(anonymous_4)","decl":{"start":{"line":53,"column":22},"end":{"line":53,"column":23}},"loc":{"start":{"line":53,"column":44},"end":{"line":67,"column":9}},"line":53},"5":{"name":"(anonymous_5)","decl":{"start":{"line":69,"column":13},"end":{"line":69,"column":14}},"loc":{"start":{"line":69,"column":24},"end":{"line":77,"column":7}},"line":69},"6":{"name":"(anonymous_6)","decl":{"start":{"line":80,"column":23},"end":{"line":80,"column":24}},"loc":{"start":{"line":80,"column":34},"end":{"line":100,"column":3}},"line":80},"7":{"name":"(anonymous_7)","decl":{"start":{"line":89,"column":23},"end":{"line":89,"column":24}},"loc":{"start":{"line":89,"column":29},"end":{"line":93,"column":5}},"line":89},"8":{"name":"(anonymous_8)","decl":{"start":{"line":97,"column":40},"end":{"line":97,"column":41}},"loc":{"start":{"line":97,"column":46},"end":{"line":99,"column":5}},"line":97},"9":{"name":"(anonymous_9)","decl":{"start":{"line":102,"column":21},"end":{"line":102,"column":22}},"loc":{"start":{"line":102,"column":32},"end":{"line":106,"column":3}},"line":102},"10":{"name":"(anonymous_10)","decl":{"start":{"line":103,"column":48},"end":{"line":103,"column":49}},"loc":{"start":{"line":103,"column":54},"end":{"line":105,"column":5}},"line":103},"11":{"name":"(anonymous_11)","decl":{"start":{"line":108,"column":18},"end":{"line":108,"column":19}},"loc":{"start":{"line":108,"column":24},"end":{"line":144,"column":3}},"line":108},"12":{"name":"(anonymous_12)","decl":{"start":{"line":118,"column":39},"end":{"line":118,"column":40}},"loc":{"start":{"line":118,"column":51},"end":{"line":136,"column":5}},"line":118},"13":{"name":"(anonymous_13)","decl":{"start":{"line":120,"column":20},"end":{"line":120,"column":21}},"loc":{"start":{"line":120,"column":42},"end":{"line":135,"column":7}},"line":120},"14":{"name":"(anonymous_14)","decl":{"start":{"line":136,"column":13},"end":{"line":136,"column":14}},"loc":{"start":{"line":136,"column":22},"end":{"line":143,"column":5}},"line":136},"15":{"name":"(anonymous_15)","decl":{"start":{"line":138,"column":20},"end":{"line":138,"column":21}},"loc":{"start":{"line":138,"column":42},"end":{"line":142,"column":7}},"line":138},"16":{"name":"(anonymous_16)","decl":{"start":{"line":146,"column":2},"end":{"line":146,"column":3}},"loc":{"start":{"line":146,"column":11},"end":{"line":205,"column":3}},"line":146},"17":{"name":"(anonymous_17)","decl":{"start":{"line":165,"column":31},"end":{"line":165,"column":32}},"loc":{"start":{"line":166,"column":16},"end":{"line":166,"column":89}},"line":166},"18":{"name":"(anonymous_18)","decl":{"start":{"line":198,"column":23},"end":{"line":198,"column":24}},"loc":{"start":{"line":199,"column":14},"end":{"line":199,"column":55}},"line":199}},"branchMap":{"0":{"loc":{"start":{"line":54,"column":10},"end":{"line":66,"column":11}},"type":"if","locations":[{"start":{"line":54,"column":10},"end":{"line":66,"column":11}},{"start":{"line":54,"column":10},"end":{"line":66,"column":11}}],"line":54},"1":{"loc":{"start":{"line":83,"column":4},"end":{"line":86,"column":5}},"type":"if","locations":[{"start":{"line":83,"column":4},"end":{"line":86,"column":5}},{"start":{"line":83,"column":4},"end":{"line":86,"column":5}}],"line":83},"2":{"loc":{"start":{"line":109,"column":4},"end":{"line":112,"column":5}},"type":"if","locations":[{"start":{"line":109,"column":4},"end":{"line":112,"column":5}},{"start":{"line":109,"column":4},"end":{"line":112,"column":5}}],"line":109},"3":{"loc":{"start":{"line":121,"column":8},"end":{"line":134,"column":9}},"type":"if","locations":[{"start":{"line":121,"column":8},"end":{"line":134,"column":9}},{"start":{"line":121,"column":8},"end":{"line":134,"column":9}}],"line":121},"4":{"loc":{"start":{"line":148,"column":4},"end":{"line":204,"column":5}},"type":"if","locations":[{"start":{"line":148,"column":4},"end":{"line":204,"column":5}},{"start":{"line":148,"column":4},"end":{"line":204,"column":5}}],"line":148},"5":{"loc":{"start":{"line":176,"column":11},"end":{"line":177,"column":49}},"type":"cond-expr","locations":[{"start":{"line":177,"column":12},"end":{"line":177,"column":45}},{"start":{"line":177,"column":47},"end":{"line":177,"column":49}}],"line":176},"6":{"loc":{"start":{"line":180,"column":11},"end":{"line":186,"column":22}},"type":"cond-expr","locations":[{"start":{"line":181,"column":12},"end":{"line":186,"column":18}},{"start":{"line":186,"column":20},"end":{"line":186,"column":22}}],"line":180},"7":{"loc":{"start":{"line":189,"column":11},"end":{"line":194,"column":23}},"type":"cond-expr","locations":[{"start":{"line":190,"column":12},"end":{"line":194,"column":18}},{"start":{"line":194,"column":21},"end":{"line":194,"column":23}}],"line":189},"8":{"loc":{"start":{"line":189,"column":11},"end":{"line":189,"column":48}},"type":"binary-expr","locations":[{"start":{"line":189,"column":11},"end":{"line":189,"column":17}},{"start":{"line":189,"column":21},"end":{"line":189,"column":26}},{"start":{"line":189,"column":30},"end":{"line":189,"column":48}}],"line":189}},"s":{"0":3,"1":3,"2":3,"3":35,"4":5,"5":5,"6":7,"7":7,"8":7,"9":7,"10":7,"11":0,"12":0,"13":0,"14":3,"15":3,"16":1,"17":1,"18":2,"19":2,"20":2,"21":2,"22":2,"23":2,"24":0,"25":0,"26":3,"27":1,"28":1,"29":2,"30":2,"31":2,"32":2,"33":1,"34":1,"35":1,"36":1,"37":0,"38":1,"39":1,"40":1,"41":18,"42":18,"43":5,"44":13,"45":182,"46":65},"f":{"0":35,"1":5,"2":7,"3":7,"4":7,"5":0,"6":3,"7":2,"8":2,"9":0,"10":0,"11":3,"12":1,"13":1,"14":1,"15":1,"16":18,"17":182,"18":65},"b":{"0":[7,0],"1":[1,2],"2":[1,2],"3":[1,0],"4":[5,13],"5":[2,11],"6":[2,11],"7":[0,13],"8":[13,11,11]},"_coverageSchema":"332fd63041d2c1bcb487cc26dd0d5f7d97098a6c","hash":"107435c2496402ad6cbdf980004d2ce9d9f2155c"}
,"/Users/kenfujii/Documents/github/My-Repo/image-search-react/src/setupTests.js": {"path":"/Users/kenfujii/Documents/github/My-Repo/image-search-react/src/setupTests.js","statementMap":{"0":{"start":{"line":5,"column":0},"end":{"line":5,"column":38}}},"fnMap":{},"branchMap":{},"s":{"0":3},"f":{},"b":{},"_coverageSchema":"332fd63041d2c1bcb487cc26dd0d5f7d97098a6c","hash":"4f8844e1f8894409d1d13bddaf569cdd53d8aad3"}
}
