{"/Users/kenfujii/Documents/github/My-Repo/image-search-react/src/App.js": {"path":"/Users/kenfujii/Documents/github/My-Repo/image-search-react/src/App.js","statementMap":{"0":{"start":{"line":8,"column":4},"end":{"line":29,"column":6}}},"fnMap":{"0":{"name":"(anonymous_0)","decl":{"start":{"line":7,"column":2},"end":{"line":7,"column":3}},"loc":{"start":{"line":7,"column":11},"end":{"line":30,"column":3}},"line":7}},"branchMap":{},"s":{"0":2},"f":{"0":2},"b":{},"_coverageSchema":"332fd63041d2c1bcb487cc26dd0d5f7d97098a6c","hash":"ad8009997027724f51090d86b3253c5ba10d00bc"}
,"/Users/kenfujii/Documents/github/My-Repo/image-search-react/src/ImageSearchDemo.js": {"path":"/Users/kenfujii/Documents/github/My-Repo/image-search-react/src/ImageSearchDemo.js","statementMap":{"0":{"start":{"line":15,"column":16},"end":{"line":15,"column":45}},"1":{"start":{"line":16,"column":16},"end":{"line":16,"column":45}},"2":{"start":{"line":17,"column":20},"end":{"line":17,"column":75}},"3":{"start":{"line":20,"column":2},"end":{"line":32,"column":4}},"4":{"start":{"line":37,"column":4},"end":{"line":37,"column":17}},"5":{"start":{"line":38,"column":4},"end":{"line":46,"column":5}},"6":{"start":{"line":50,"column":4},"end":{"line":66,"column":8}},"7":{"start":{"line":52,"column":8},"end":{"line":56,"column":11}},"8":{"start":{"line":59,"column":8},"end":{"line":59,"column":61}},"9":{"start":{"line":61,"column":8},"end":{"line":65,"column":11}},"10":{"start":{"line":70,"column":17},"end":{"line":70,"column":38}},"11":{"start":{"line":72,"column":4},"end":{"line":75,"column":5}},"12":{"start":{"line":73,"column":6},"end":{"line":73,"column":37}},"13":{"start":{"line":74,"column":6},"end":{"line":74,"column":13}},"14":{"start":{"line":77,"column":20},"end":{"line":77,"column":36}},"15":{"start":{"line":78,"column":4},"end":{"line":82,"column":5}},"16":{"start":{"line":79,"column":6},"end":{"line":81,"column":8}},"17":{"start":{"line":84,"column":4},"end":{"line":84,"column":31}},"18":{"start":{"line":86,"column":4},"end":{"line":88,"column":7}},"19":{"start":{"line":87,"column":6},"end":{"line":87,"column":27}},"20":{"start":{"line":92,"column":4},"end":{"line":94,"column":7}},"21":{"start":{"line":93,"column":6},"end":{"line":93,"column":27}},"22":{"start":{"line":98,"column":4},"end":{"line":101,"column":5}},"23":{"start":{"line":99,"column":6},"end":{"line":99,"column":40}},"24":{"start":{"line":100,"column":6},"end":{"line":100,"column":13}},"25":{"start":{"line":103,"column":21},"end":{"line":103,"column":35}},"26":{"start":{"line":104,"column":4},"end":{"line":104,"column":88}},"27":{"start":{"line":105,"column":4},"end":{"line":105,"column":49}},"28":{"start":{"line":107,"column":4},"end":{"line":132,"column":7}},"29":{"start":{"line":108,"column":18},"end":{"line":108,"column":50}},"30":{"start":{"line":109,"column":6},"end":{"line":124,"column":9}},"31":{"start":{"line":110,"column":8},"end":{"line":123,"column":9}},"32":{"start":{"line":111,"column":10},"end":{"line":116,"column":12}},"33":{"start":{"line":118,"column":10},"end":{"line":122,"column":11}},"34":{"start":{"line":126,"column":6},"end":{"line":126,"column":33}},"35":{"start":{"line":127,"column":6},"end":{"line":131,"column":9}},"36":{"start":{"line":128,"column":8},"end":{"line":130,"column":9}},"37":{"start":{"line":136,"column":39},"end":{"line":136,"column":49}},"38":{"start":{"line":137,"column":4},"end":{"line":193,"column":5}},"39":{"start":{"line":138,"column":6},"end":{"line":138,"column":35}},"40":{"start":{"line":140,"column":6},"end":{"line":192,"column":8}},"41":{"start":{"line":155,"column":16},"end":{"line":155,"column":89}},"42":{"start":{"line":188,"column":14},"end":{"line":188,"column":55}}},"fnMap":{"0":{"name":"FlexBox","decl":{"start":{"line":19,"column":9},"end":{"line":19,"column":16}},"loc":{"start":{"line":19,"column":24},"end":{"line":33,"column":1}},"line":19},"1":{"name":"(anonymous_1)","decl":{"start":{"line":36,"column":2},"end":{"line":36,"column":3}},"loc":{"start":{"line":36,"column":21},"end":{"line":47,"column":3}},"line":36},"2":{"name":"(anonymous_2)","decl":{"start":{"line":49,"column":2},"end":{"line":49,"column":3}},"loc":{"start":{"line":49,"column":22},"end":{"line":67,"column":3}},"line":49},"3":{"name":"(anonymous_3)","decl":{"start":{"line":51,"column":12},"end":{"line":51,"column":13}},"loc":{"start":{"line":51,"column":26},"end":{"line":57,"column":7}},"line":51},"4":{"name":"(anonymous_4)","decl":{"start":{"line":58,"column":13},"end":{"line":58,"column":14}},"loc":{"start":{"line":58,"column":24},"end":{"line":66,"column":7}},"line":58},"5":{"name":"(anonymous_5)","decl":{"start":{"line":69,"column":23},"end":{"line":69,"column":24}},"loc":{"start":{"line":69,"column":34},"end":{"line":89,"column":3}},"line":69},"6":{"name":"(anonymous_6)","decl":{"start":{"line":78,"column":23},"end":{"line":78,"column":24}},"loc":{"start":{"line":78,"column":29},"end":{"line":82,"column":5}},"line":78},"7":{"name":"(anonymous_7)","decl":{"start":{"line":86,"column":40},"end":{"line":86,"column":41}},"loc":{"start":{"line":86,"column":46},"end":{"line":88,"column":5}},"line":86},"8":{"name":"(anonymous_8)","decl":{"start":{"line":91,"column":21},"end":{"line":91,"column":22}},"loc":{"start":{"line":91,"column":32},"end":{"line":95,"column":3}},"line":91},"9":{"name":"(anonymous_9)","decl":{"start":{"line":92,"column":48},"end":{"line":92,"column":49}},"loc":{"start":{"line":92,"column":54},"end":{"line":94,"column":5}},"line":92},"10":{"name":"(anonymous_10)","decl":{"start":{"line":97,"column":18},"end":{"line":97,"column":19}},"loc":{"start":{"line":97,"column":24},"end":{"line":133,"column":3}},"line":97},"11":{"name":"(anonymous_11)","decl":{"start":{"line":107,"column":39},"end":{"line":107,"column":40}},"loc":{"start":{"line":107,"column":51},"end":{"line":125,"column":5}},"line":107},"12":{"name":"(anonymous_12)","decl":{"start":{"line":109,"column":20},"end":{"line":109,"column":21}},"loc":{"start":{"line":109,"column":42},"end":{"line":124,"column":7}},"line":109},"13":{"name":"(anonymous_13)","decl":{"start":{"line":125,"column":13},"end":{"line":125,"column":14}},"loc":{"start":{"line":125,"column":22},"end":{"line":132,"column":5}},"line":125},"14":{"name":"(anonymous_14)","decl":{"start":{"line":127,"column":20},"end":{"line":127,"column":21}},"loc":{"start":{"line":127,"column":42},"end":{"line":131,"column":7}},"line":127},"15":{"name":"(anonymous_15)","decl":{"start":{"line":135,"column":2},"end":{"line":135,"column":3}},"loc":{"start":{"line":135,"column":11},"end":{"line":194,"column":3}},"line":135},"16":{"name":"(anonymous_16)","decl":{"start":{"line":154,"column":31},"end":{"line":154,"column":32}},"loc":{"start":{"line":155,"column":16},"end":{"line":155,"column":89}},"line":155},"17":{"name":"(anonymous_17)","decl":{"start":{"line":187,"column":23},"end":{"line":187,"column":24}},"loc":{"start":{"line":188,"column":14},"end":{"line":188,"column":55}},"line":188}},"branchMap":{"0":{"loc":{"start":{"line":72,"column":4},"end":{"line":75,"column":5}},"type":"if","locations":[{"start":{"line":72,"column":4},"end":{"line":75,"column":5}},{"start":{"line":72,"column":4},"end":{"line":75,"column":5}}],"line":72},"1":{"loc":{"start":{"line":98,"column":4},"end":{"line":101,"column":5}},"type":"if","locations":[{"start":{"line":98,"column":4},"end":{"line":101,"column":5}},{"start":{"line":98,"column":4},"end":{"line":101,"column":5}}],"line":98},"2":{"loc":{"start":{"line":110,"column":8},"end":{"line":123,"column":9}},"type":"if","locations":[{"start":{"line":110,"column":8},"end":{"line":123,"column":9}},{"start":{"line":110,"column":8},"end":{"line":123,"column":9}}],"line":110},"3":{"loc":{"start":{"line":137,"column":4},"end":{"line":193,"column":5}},"type":"if","locations":[{"start":{"line":137,"column":4},"end":{"line":193,"column":5}},{"start":{"line":137,"column":4},"end":{"line":193,"column":5}}],"line":137},"4":{"loc":{"start":{"line":165,"column":11},"end":{"line":166,"column":49}},"type":"cond-expr","locations":[{"start":{"line":166,"column":12},"end":{"line":166,"column":45}},{"start":{"line":166,"column":47},"end":{"line":166,"column":49}}],"line":165},"5":{"loc":{"start":{"line":169,"column":11},"end":{"line":175,"column":22}},"type":"cond-expr","locations":[{"start":{"line":170,"column":12},"end":{"line":175,"column":18}},{"start":{"line":175,"column":20},"end":{"line":175,"column":22}}],"line":169},"6":{"loc":{"start":{"line":178,"column":11},"end":{"line":183,"column":23}},"type":"cond-expr","locations":[{"start":{"line":179,"column":12},"end":{"line":183,"column":18}},{"start":{"line":183,"column":21},"end":{"line":183,"column":23}}],"line":178},"7":{"loc":{"start":{"line":178,"column":11},"end":{"line":178,"column":48}},"type":"binary-expr","locations":[{"start":{"line":178,"column":11},"end":{"line":178,"column":17}},{"start":{"line":178,"column":21},"end":{"line":178,"column":26}},{"start":{"line":178,"column":30},"end":{"line":178,"column":48}}],"line":178}},"s":{"0":3,"1":3,"2":3,"3":35,"4":5,"5":5,"6":7,"7":7,"8":0,"9":0,"10":3,"11":3,"12":1,"13":1,"14":2,"15":2,"16":2,"17":2,"18":2,"19":2,"20":0,"21":0,"22":3,"23":1,"24":1,"25":2,"26":2,"27":2,"28":2,"29":1,"30":1,"31":1,"32":1,"33":0,"34":1,"35":1,"36":1,"37":18,"38":18,"39":5,"40":13,"41":182,"42":65},"f":{"0":35,"1":5,"2":7,"3":7,"4":0,"5":3,"6":2,"7":2,"8":0,"9":0,"10":3,"11":1,"12":1,"13":1,"14":1,"15":18,"16":182,"17":65},"b":{"0":[1,2],"1":[1,2],"2":[1,0],"3":[5,13],"4":[2,11],"5":[2,11],"6":[0,13],"7":[13,11,11]},"_coverageSchema":"332fd63041d2c1bcb487cc26dd0d5f7d97098a6c","hash":"fde2f96563e33489e9ce16f57d6ab1a31994a07b"}
,"/Users/kenfujii/Documents/github/My-Repo/image-search-react/src/setupTests.js": {"path":"/Users/kenfujii/Documents/github/My-Repo/image-search-react/src/setupTests.js","statementMap":{"0":{"start":{"line":5,"column":0},"end":{"line":5,"column":38}}},"fnMap":{},"branchMap":{},"s":{"0":3},"f":{},"b":{},"_coverageSchema":"332fd63041d2c1bcb487cc26dd0d5f7d97098a6c","hash":"4f8844e1f8894409d1d13bddaf569cdd53d8aad3"}
}
