TN:
SF:/Users/kenfujii/Documents/github/My-Repo/image-search-react/src/App.js
FN:7,(anonymous_0)
FNF:1
FNH:1
FNDA:2,(anonymous_0)
DA:8,2
LF:1
LH:1
BRF:0
BRH:0
end_of_record
TN:
SF:/Users/kenfujii/Documents/github/My-Repo/image-search-react/src/ImageSearchDemo.js
FN:19,FlexBox
FN:36,(anonymous_1)
FN:49,(anonymous_2)
FN:51,(anonymous_3)
FN:53,(anonymous_4)
FN:69,(anonymous_5)
FN:80,(anonymous_6)
FN:89,(anonymous_7)
FN:97,(anonymous_8)
FN:102,(anonymous_9)
FN:103,(anonymous_10)
FN:108,(anonymous_11)
FN:118,(anonymous_12)
FN:120,(anonymous_13)
FN:136,(anonymous_14)
FN:138,(anonymous_15)
FN:146,(anonymous_16)
FN:165,(anonymous_17)
FN:198,(anonymous_18)
FNF:19
FNH:16
FNDA:35,FlexBox
FNDA:5,(anonymous_1)
FNDA:7,(anonymous_2)
FNDA:7,(anonymous_3)
FNDA:7,(anonymous_4)
FNDA:0,(anonymous_5)
FNDA:3,(anonymous_6)
FNDA:2,(anonymous_7)
FNDA:2,(anonymous_8)
FNDA:0,(anonymous_9)
FNDA:0,(anonymous_10)
FNDA:3,(anonymous_11)
FNDA:1,(anonymous_12)
FNDA:1,(anonymous_13)
FNDA:1,(anonymous_14)
FNDA:1,(anonymous_15)
FNDA:18,(anonymous_16)
FNDA:182,(anonymous_17)
FNDA:65,(anonymous_18)
DA:15,3
DA:16,3
DA:17,3
DA:20,35
DA:37,5
DA:38,5
DA:50,7
DA:52,7
DA:53,7
DA:54,7
DA:55,7
DA:61,0
DA:70,0
DA:72,0
DA:81,3
DA:83,3
DA:84,1
DA:85,1
DA:88,2
DA:89,2
DA:90,2
DA:95,2
DA:97,2
DA:98,2
DA:103,0
DA:104,0
DA:109,3
DA:110,1
DA:111,1
DA:114,2
DA:115,2
DA:116,2
DA:118,2
DA:119,1
DA:120,1
DA:121,1
DA:122,1
DA:129,0
DA:137,1
DA:138,1
DA:139,1
DA:147,18
DA:148,18
DA:149,5
DA:151,13
DA:166,182
DA:199,65
LF:47
LH:41
BRDA:54,0,0,7
BRDA:54,0,1,0
BRDA:83,1,0,1
BRDA:83,1,1,2
BRDA:109,2,0,1
BRDA:109,2,1,2
BRDA:121,3,0,1
BRDA:121,3,1,0
BRDA:148,4,0,5
BRDA:148,4,1,13
BRDA:176,5,0,2
BRDA:176,5,1,11
BRDA:180,6,0,2
BRDA:180,6,1,11
BRDA:189,7,0,0
BRDA:189,7,1,13
BRDA:189,8,0,13
BRDA:189,8,1,11
BRDA:189,8,2,11
BRF:19
BRH:16
end_of_record
TN:
SF:/Users/kenfujii/Documents/github/My-Repo/image-search-react/src/setupTests.js
FNF:0
FNH:0
DA:5,3
LF:1
LH:1
BRF:0
BRH:0
end_of_record
