TN:
SF:/Users/kenfujii/Documents/github/My-Repo/image-search-react/src/App.js
FN:7,(anonymous_0)
FNF:1
FNH:1
FNDA:2,(anonymous_0)
DA:8,2
LF:1
LH:1
BRF:0
BRH:0
end_of_record
TN:
SF:/Users/kenfujii/Documents/github/My-Repo/image-search-react/src/ImageSearchDemo.js
FN:19,FlexBox
FN:36,(anonymous_1)
FN:49,(anonymous_2)
FN:51,(anonymous_3)
FN:58,(anonymous_4)
FN:69,(anonymous_5)
FN:78,(anonymous_6)
FN:86,(anonymous_7)
FN:91,(anonymous_8)
FN:92,(anonymous_9)
FN:97,(anonymous_10)
FN:107,(anonymous_11)
FN:109,(anonymous_12)
FN:125,(anonymous_13)
FN:127,(anonymous_14)
FN:135,(anonymous_15)
FN:154,(anonymous_16)
FN:187,(anonymous_17)
FNF:18
FNH:15
FNDA:35,FlexBox
FNDA:5,(anonymous_1)
FNDA:7,(anonymous_2)
FNDA:7,(anonymous_3)
FNDA:0,(anonymous_4)
FNDA:3,(anonymous_5)
FNDA:2,(anonymous_6)
FNDA:2,(anonymous_7)
FNDA:0,(anonymous_8)
FNDA:0,(anonymous_9)
FNDA:3,(anonymous_10)
FNDA:1,(anonymous_11)
FNDA:1,(anonymous_12)
FNDA:1,(anonymous_13)
FNDA:1,(anonymous_14)
FNDA:18,(anonymous_15)
FNDA:182,(anonymous_16)
FNDA:65,(anonymous_17)
DA:15,3
DA:16,3
DA:17,3
DA:20,35
DA:37,5
DA:38,5
DA:50,7
DA:52,7
DA:59,0
DA:61,0
DA:70,3
DA:72,3
DA:73,1
DA:74,1
DA:77,2
DA:78,2
DA:79,2
DA:84,2
DA:86,2
DA:87,2
DA:92,0
DA:93,0
DA:98,3
DA:99,1
DA:100,1
DA:103,2
DA:104,2
DA:105,2
DA:107,2
DA:108,1
DA:109,1
DA:110,1
DA:111,1
DA:118,0
DA:126,1
DA:127,1
DA:128,1
DA:136,18
DA:137,18
DA:138,5
DA:140,13
DA:155,182
DA:188,65
LF:43
LH:38
BRDA:72,0,0,1
BRDA:72,0,1,2
BRDA:98,1,0,1
BRDA:98,1,1,2
BRDA:110,2,0,1
BRDA:110,2,1,0
BRDA:137,3,0,5
BRDA:137,3,1,13
BRDA:165,4,0,2
BRDA:165,4,1,11
BRDA:169,5,0,2
BRDA:169,5,1,11
BRDA:178,6,0,0
BRDA:178,6,1,13
BRDA:178,7,0,13
BRDA:178,7,1,11
BRDA:178,7,2,11
BRF:17
BRH:15
end_of_record
TN:
SF:/Users/kenfujii/Documents/github/My-Repo/image-search-react/src/setupTests.js
FNF:0
FNH:0
DA:5,3
LF:1
LH:1
BRF:0
BRH:0
end_of_record
